<?xml version="1.0" encoding="UTF-8"?>
<!-- Generated by org.testng.reporters.JUnitXMLReporter -->
<testsuite ignored="2" hostname="Abhijith" failures="1" tests="2" name="Test" time="15.018" errors="0" timestamp="2025-06-28T13:13:49 IST">
  <testcase classname="computers.TC_DWS_010_Test" name="clickOnComputers" time="0.711"/>
  <testcase classname="books.TC_DWS_001_Test" name="clickOnBooks" time="0.835">
    <failure type="java.lang.AssertionError" message="books page is not displayed expected [Demo Web Shop. ] but found [Demo Web Shop. Books]">
      <![CDATA[java.lang.AssertionError: books page is not displayed expected [Demo Web Shop. ] but found [Demo Web Shop. Books]
at books.TC_DWS_001_Test.clickOnBooks(TC_DWS_001_Test.java:21)
at java.base/java.util.ArrayList.forEach(ArrayList.java:1596)
... Removed 30 stack frames]]>
    </failure>
  </testcase> <!-- clickOnBooks -->
  <testcase classname="genericutility.BaseClass" name="@AfterSuite reportBackup" time="0.0">
    <ignored/>
  </testcase> <!-- @AfterSuite reportBackup -->
  <testcase classname="genericutility.BaseClass" name="@BeforeSuite reportConfig" time="0.0">
    <ignored/>
  </testcase> <!-- @BeforeSuite reportConfig -->
</testsuite> <!-- Test -->
